<?xml version="1.0" encoding="UTF-8"?>
<!-- Generated by org.testng.reporters.JUnitReportReporter -->
<testsuite skipped="0" hostname="IBM_ADMIN" name="Assignment01.NewTest" tests="1" failures="0" timestamp="2020-09-30T16:58:02 IST" time="15.490" errors="0">
  <testcase name="test" time="15.490" classname="Assignment01.NewTest"/>
  <system-out/>
</testsuite> <!-- Assignment01.NewTest -->
